07.10.2020 17:23:58  Пользователем Egor  открыто Texcel 1.54.1333

	07.10.2020 17:24:20  Пользователем Egor  введено в осн. надп. ываываыва ВП  (лист: ываываыва ВП файл: Лист Microsoft Excel (2).xlsx)

	07.10.2020 17:32:09  Пользователем Egor  сформировано ываываыва ВП  (лист: ываываыва ВП файл: Лист Microsoft Excel (2).xlsx)

07.10.2020 17:32:14  Пользователем Egor  закрыто Texcel 1.54.1333

13.10.2020 15:08:46  Пользователем Egor  открыто Texcel 1.54.1333

16.10.2020 17:08:52  Пользователем Egor  открыто Texcel 1.54.1333

	16.10.2020 17:10:31  Пользователем Egor  введено в осн. надп. ЛУБА.464657.004 ВЭ Антенная система X-диапазона на базе АФАР АС-АФАР-Х-16Г  (лист: ЛУБА.464657.004 ВЭ файл: ЛУБА.464657.004 ВЭ.xlsx)

16.10.2020 17:10:36  Пользователем Egor  закрыто Texcel 1.54.1333

16.10.2020 17:27:53  Пользователем Egor  открыто Texcel 1.54.1333

	16.10.2020 17:28:02  Пользователем Egor  сформировано ЛУБА.464657.004 ВЭ Антенная система X-диапазона на базе АФАР АС-АФАР-Х-16Г  (лист: ЛУБА.464657.004 ВЭ файл: ЛУБА.464657.004 ВЭ.xlsx)

16.10.2020 17:30:24  Пользователем Egor  закрыто Texcel 1.54.1333

19.10.2020 10:38:22  Пользователем Egor  открыто Texcel 1.54.1333

19.10.2020 10:42:21  Пользователем Egor  закрыто Texcel 1.54.1333

19.10.2020 10:42:48  Пользователем Egor  открыто Texcel 1.54.1333

	19.10.2020 10:44:26  Пользователем Egor  введено в осн. надп. ЛУБА.464657.005 ВЭ Антенная система X-диапазона на базе АФАР АФАР-Х-16Г16В  (лист: ЛУБА.464657.005 ВЭ файл: ЛУБА.464657.005 ВЭ.xlsx)

19.10.2020 10:44:28  Пользователем Egor  закрыто Texcel 1.54.1333

19.10.2020 10:45:13  Пользователем Egor  открыто Texcel 1.54.1333

	19.10.2020 10:45:27  Пользователем Egor  введено в осн. надп. ЛУБА.464657.004 ВЭ Антенная система X-диапазона на основе АФАР АС-АФАР-Х-16Г  (лист: ЛУБА.464657.004 ВЭ файл: ЛУБА.464657.004 ВЭ.xlsx)

19.10.2020 10:45:30  Пользователем Egor  закрыто Texcel 1.54.1333

19.10.2020 10:46:03  Пользователем Egor  открыто Texcel 1.54.1333

	19.10.2020 10:46:13  Пользователем Egor  введено в осн. надп. ЛУБА.464657.005 ВЭ Антенная система X-диапазона на основе АФАР АФАР-Х-16Г16В  (лист: ЛУБА.464657.005 ВЭ файл: ЛУБА.464657.005 ВЭ.xlsx)

19.10.2020 10:46:18  Пользователем Egor  закрыто Texcel 1.54.1333

19.10.2020 10:51:42  Пользователем Egor  открыто Texcel 1.54.1333

	19.10.2020 10:51:47  Пользователем Egor  раcформировано ЛУБА.464657.005 ВЭ Антенная система X-диапазона на основе АФАР АФАР-Х-16Г16В  (лист: ЛУБА.464657.005 ВЭ файл: ЛУБА.464657.005 ВЭ.xlsx)

	19.10.2020 10:54:24  Пользователем Egor  сформировано ЛУБА.464657.005 ВЭ Антенная система X-диапазона на основе АФАР АФАР-Х-16Г16В  (лист: ЛУБА.464657.005 ВЭ файл: ЛУБА.464657.005 ВЭ.xlsx)

19.10.2020 10:55:32  Пользователем Egor  закрыто Texcel 1.54.1333

19.10.2020 11:16:25  Пользователем Egor  открыто Texcel 1.54.1333

19.10.2020 11:37:03  Пользователем Egor  открыто Texcel 1.54.1333

19.10.2020 11:37:59  Пользователем Egor  открыто Texcel 1.54.1333

19.10.2020 11:38:02  Пользователем Egor  закрыто Texcel 1.54.1333

19.10.2020 11:38:06  Пользователем Egor  открыто Texcel 1.54.1333

19.10.2020 11:38:14  Пользователем Egor  закрыто Texcel 1.54.1333

19.10.2020 11:38:24  Пользователем Egor  открыто Texcel 1.54.1333

	19.10.2020 11:40:41  Пользователем Egor  введено в осн. надп. ЛУБА.464657.004 Антенная система X-диапазона на основе АФАР АС-АФАР-Х-16Г  (лист: ЛУБА.464657.004 файл: ЛУБА.464657.004.xlsx)

19.10.2020 11:41:18  Пользователем Egor  открыто Texcel 1.54.1333

19.10.2020 11:41:21  Пользователем Egor  закрыто Texcel 1.54.1333

19.10.2020 11:41:51  Пользователем Egor  открыто Texcel 1.54.1333

	19.10.2020 11:42:42  Пользователем Egor  введено в осн. надп. ЛУБА.464657.004 АНТЕННАЯ СИСТЕМА Х-ДИАПАЗОНА НА ОСНОВЕ АФАР АС-АФАР-Х-16Г  (лист: ЛУБА.464657.004 файл: ЛУБА.464657.004.xlsx)

	19.10.2020 11:42:46  Пользователем Egor  введено в осн. надп. ЛУБА.464657.004 АНТЕННАЯ СИСТЕМА Х-ДИАПАЗОНА НА ОСНОВЕ АФАР АС-АФАР-Х-16Г  (лист: ЛУБА.464657.004 файл: ЛУБА.464657.004.xlsx)

19.10.2020 11:42:51  Пользователем Egor  закрыто Texcel 1.54.1333

19.10.2020 11:44:24  Пользователем Egor  открыто Texcel 1.54.1333

	19.10.2020 11:44:26  Пользователем Egor  раcформировано ЛУБА.464657.004 Антенная система X-диапазона на основе АФАР АС-АФАР-X-16Г  (лист: ЛУБА.464657.004 файл: Антенная система X-диапазона на основе АФАР ЛУБА.464657.004.xlsx)

	19.10.2020 11:53:55  Пользователем Egor  сформировано ЛУБА.464657.004 Антенная система X-диапазона на основе АФАР АС-АФАР-X-16Г  (лист: ЛУБА.464657.004 файл: Антенная система X-диапазона на основе АФАР ЛУБА.464657.004.xlsx)

	19.10.2020 11:54:14  Пользователем Egor  раcформировано ЛУБА.464657.004 Антенная система X-диапазона на основе АФАР АС-АФАР-X-16Г  (лист: ЛУБА.464657.004 файл: Антенная система X-диапазона на основе АФАР ЛУБА.464657.004.xlsx)

	19.10.2020 11:54:17  Пользователем Egor  сформировано ЛУБА.464657.004 Антенная система X-диапазона на основе АФАР АС-АФАР-X-16Г  (лист: ЛУБА.464657.004 файл: Антенная система X-диапазона на основе АФАР ЛУБА.464657.004.xlsx)

	19.10.2020 11:54:43  Пользователем Egor  создан PDF ЛУБА.464657.004 Антенная система X-диапазона на основе АФАР АС-АФАР-X-16Г.pdf  (лист: ЛУБА.464657.004 файл: Антенная система X-диапазона на основе АФАР ЛУБА.464657.004.xlsx)

	19.10.2020 11:54:53  Пользователем Egor  раcформировано ЛУБА.464657.004 Антенная система X-диапазона на основе АФАР АС-АФАР-X-16Г  (лист: ЛУБА.464657.004 файл: Антенная система X-диапазона на основе АФАР ЛУБА.464657.004.xlsx)

	19.10.2020 11:55:10  Пользователем Egor  сформировано ЛУБА.464657.004 Антенная система X-диапазона на основе АФАР АС-АФАР-X-16Г  (лист: ЛУБА.464657.004 файл: Антенная система X-диапазона на основе АФАР ЛУБА.464657.004.xlsx)

19.10.2020 11:56:36  Пользователем Egor  закрыто Texcel 1.54.1333

19.10.2020 11:57:02  Пользователем Egor  открыто Texcel 1.54.1333

19.10.2020 11:58:03  Пользователем Egor  закрыто Texcel 1.54.1333

19.10.2020 11:59:46  Пользователем Egor  открыто Texcel 1.54.1333

19.10.2020 12:00:06  Пользователем Egor  закрыто Texcel 1.54.1333

19.10.2020 12:00:18  Пользователем Egor  открыто Texcel 1.54.1333

	19.10.2020 12:00:28  Пользователем Egor  введено в осн. надп. ЛУБА.464657.004 Антенная система X-диапазона на основе АФАР АС-АФАР-Х-16Г  (лист: ЛУБА.464657.004 файл: ЛУБА.464657.004.xlsx)

19.10.2020 12:00:31  Пользователем Egor  закрыто Texcel 1.54.1333

19.10.2020 12:00:38  Пользователем Egor  открыто Texcel 1.54.1333

	19.10.2020 12:00:45  Пользователем Egor  введено в осн. надп. ЛУБА.464657.004 Антенная система X-диапазона на основе АФАР АС-АФАР-Х-16Г  (лист: ЛУБА.464657.004 файл: ЛУБА.464657.004.xlsx)

19.10.2020 12:00:47  Пользователем Egor  закрыто Texcel 1.54.1333

19.10.2020 12:00:57  Пользователем Egor  открыто Texcel 1.54.1333

	19.10.2020 12:01:03  Пользователем Egor  раcформировано ЛУБА.464657.004 Антенная система X-диапазона на основе АФАР АС-АФАР-Х-16Г  (лист: ЛУБА.464657.004 файл: ЛУБА.464657.004.xlsx)

	19.10.2020 12:01:06  Пользователем Egor  сформировано ЛУБА.464657.004 Антенная система X-диапазона на основе АФАР АС-АФАР-Х-16Г  (лист: ЛУБА.464657.004 файл: ЛУБА.464657.004.xlsx)

	19.10.2020 12:01:34  Пользователем Egor  раcформировано ЛУБА.464657.004 Антенная система X-диапазона на основе АФАР АС-АФАР-Х-16Г  (лист: ЛУБА.464657.004 файл: ЛУБА.464657.004.xlsx)

	19.10.2020 12:01:42  Пользователем Egor  сформировано ЛУБА.464657.004 Антенная система X-диапазона на основе АФАР АС-АФАР-Х-16Г  (лист: ЛУБА.464657.004 файл: ЛУБА.464657.004.xlsx)

	19.10.2020 12:01:47  Пользователем Egor  раcформировано ЛУБА.464657.004 Антенная система X-диапазона на основе АФАР АС-АФАР-Х-16Г  (лист: ЛУБА.464657.004 файл: ЛУБА.464657.004.xlsx)

	19.10.2020 12:03:11  Пользователем Egor  сформировано ЛУБА.464657.004 Антенная система X-диапазона на основе АФАР АС-АФАР-Х-16Г  (лист: ЛУБА.464657.004 файл: ЛУБА.464657.004.xlsx)

19.10.2020 12:04:34  Пользователем Egor  закрыто Texcel 1.54.1333

19.10.2020 12:04:53  Пользователем Egor  открыто Texcel 1.54.1333

	19.10.2020 12:05:15  Пользователем Egor  введено в осн. надп. ЛУБА.464657.004 Антенная система X-диапазона на основе АФАР АС-АФАР-Х-16Г  (лист: ЛУБА.464657.004 файл: ЛУБА.464657.004.xlsx)

19.10.2020 12:05:18  Пользователем Egor  закрыто Texcel 1.54.1333

19.10.2020 12:05:25  Пользователем Egor  открыто Texcel 1.54.1333

	19.10.2020 12:05:30  Пользователем Egor  раcформировано ЛУБА.464657.004 Антенная система X-диапазона на основе АФАР АС-АФАР-Х-16Г  (лист: ЛУБА.464657.004 файл: ЛУБА.464657.004.xlsx)

	19.10.2020 12:05:35  Пользователем Egor  сформировано ЛУБА.464657.004 Антенная система X-диапазона на основе АФАР АС-АФАР-Х-16Г  (лист: ЛУБА.464657.004 файл: ЛУБА.464657.004.xlsx)

19.10.2020 12:06:20  Пользователем Egor  закрыто Texcel 1.54.1333

19.10.2020 12:06:27  Пользователем Egor  открыто Texcel 1.54.1333

	19.10.2020 12:07:11  Пользователем Egor  введено в осн. надп. ЛУБА.464657.004 Антенная система X-диапазона на основе АФАР АС-АФАР-Х-16Г  (лист: ЛУБА.464657.004 файл: ЛУБА.464657.004.xlsx)

19.10.2020 12:08:45  Пользователем Egor  закрыто Texcel 1.54.1333

19.10.2020 12:09:33  Пользователем Egor  открыто Texcel 1.54.1333

19.10.2020 12:10:30  Пользователем Egor  открыто Texcel 1.54.1333

	19.10.2020 12:11:01  Пользователем Egor  введено в осн. надп. ЛУБА.464657.005  (лист: ЛУБА.464657.005 файл: ЛУБА.464657.005.xlsx)

	19.10.2020 12:11:04  Пользователем Egor  введено в осн. надп. ЛУБА.464657.005  (лист: ЛУБА.464657.005 файл: ЛУБА.464657.005.xlsx)

19.10.2020 12:11:05  Пользователем Egor  закрыто Texcel 1.54.1333

19.10.2020 12:11:14  Пользователем Egor  открыто Texcel 1.54.1333

19.10.2020 12:11:22  Пользователем Egor  закрыто Texcel 1.54.1333

19.10.2020 12:11:33  Пользователем Egor  открыто Texcel 1.54.1333

	19.10.2020 12:11:42  Пользователем Egor  введено в осн. надп. ЛУБА.464657.005 Антенная система X-диапазона на основе АФАР АС-АФАР-Х-16Г16В  (лист: ЛУБА.464657.005 файл: ЛУБА.464657.005.xlsx)

	19.10.2020 12:11:44  Пользователем Egor  введено в осн. надп. ЛУБА.464657.005 Антенная система X-диапазона на основе АФАР АС-АФАР-Х-16Г16В  (лист: ЛУБА.464657.005 файл: ЛУБА.464657.005.xlsx)

19.10.2020 12:11:46  Пользователем Egor  закрыто Texcel 1.54.1333

19.10.2020 12:12:02  Пользователем Egor  открыто Texcel 1.54.1333

	19.10.2020 12:12:07  Пользователем Egor  раcформировано ЛУБА.464657.004 Антенная система X-диапазона на основе АФАР АС-АФАР-Х-16Г  (лист: ЛУБА.464657.004 файл: ЛУБА.464657.004.xlsx)

	19.10.2020 12:13:32  Пользователем Egor  сформировано ЛУБА.464657.004 Антенная система X-диапазона на основе АФАР АС-АФАР-Х-16Г  (лист: ЛУБА.464657.004 файл: ЛУБА.464657.004.xlsx)

19.10.2020 12:13:58  Пользователем Egor  закрыто Texcel 1.54.1333

19.10.2020 12:16:16  Пользователем Egor  открыто Texcel 1.54.1333

	19.10.2020 12:16:23  Пользователем Egor  сформировано ЛУБА.464657.005 Антенная система X-диапазона на основе АФАР АС-АФАР-Х-16Г16В  (лист: ЛУБА.464657.005 файл: ЛУБА.464657.005.xlsx)

19.10.2020 12:17:16  Пользователем Egor  закрыто Texcel 1.54.1333

19.10.2020 15:11:46  Пользователем Egor  открыто Texcel 1.54.1333

19.10.2020 15:12:05  Пользователем Egor  закрыто Texcel 1.54.1333

19.10.2020 15:12:10  Пользователем Egor  открыто Texcel 1.54.1333

19.10.2020 15:12:14  Пользователем Egor  закрыто Texcel 1.54.1333

19.10.2020 15:12:16  Пользователем Egor  открыто Texcel 1.54.1333

19.10.2020 15:12:25  Пользователем Egor  открыто Texcel 1.54.1333

19.10.2020 15:12:31  Пользователем Egor  закрыто Texcel 1.54.1333

19.10.2020 15:13:43  Пользователем Egor  открыто Texcel 1.54.1333

	19.10.2020 15:14:17  Пользователем Egor  введено в осн. надп. ЛУБА.464657.005 Антенная система X-диапазона на основе АФАР АС-АФАР-Х-16Г16В  (лист: ЛУБА.464657.005 файл: ЛУБА.464657.005.xlsx)

19.10.2020 15:14:20  Пользователем Egor  закрыто Texcel 1.54.1333

19.10.2020 15:14:24  Пользователем Egor  открыто Texcel 1.54.1333

	19.10.2020 15:14:30  Пользователем Egor  раcформировано ЛУБА.464657.005 Антенная система X-диапазона на основе АФАР АС-АФАР-Х-16Г16В  (лист: ЛУБА.464657.005 файл: ЛУБА.464657.005.xlsx)

	19.10.2020 15:14:37  Пользователем Egor  сформировано ЛУБА.464657.005 Антенная система X-диапазона на основе АФАР АС-АФАР-Х-16Г16В  (лист: ЛУБА.464657.005 файл: ЛУБА.464657.005.xlsx)

19.10.2020 15:21:15  Пользователем Egor  закрыто Texcel 1.54.1333

19.10.2020 15:21:31  Пользователем Egor  открыто Texcel 1.54.1333

19.10.2020 15:23:12  Пользователем Egor  закрыто Texcel 1.54.1333

19.10.2020 15:24:29  Пользователем Egor  открыто Texcel 1.54.1333

	19.10.2020 15:24:42  Пользователем Egor  введено в осн. надп. ЛУБА.464657.004 Антенная система X-диапазона на основе АФАР АС-АФАР-Х-16Г  (лист: ЛУБА.464657.004 файл: ЛУБА.464657.004.xlsx)

	19.10.2020 15:24:48  Пользователем Egor  раcформировано ЛУБА.464657.004 Антенная система X-диапазона на основе АФАР АС-АФАР-Х-16Г  (лист: ЛУБА.464657.004 файл: ЛУБА.464657.004.xlsx)

	19.10.2020 15:24:57  Пользователем Egor  создан PDF ЛУБА.464657.004 Антенная система X-диапазона на основе АФАР АС-АФАР-Х-16Г.pdf  (лист: ЛУБА.464657.004 файл: ЛУБА.464657.004.xlsx)

	19.10.2020 15:25:15  Пользователем Egor  сформировано ЛУБА.464657.004 Антенная система X-диапазона на основе АФАР АС-АФАР-Х-16Г  (лист: ЛУБА.464657.004 файл: ЛУБА.464657.004.xlsx)

	19.10.2020 15:25:23  Пользователем Egor  раcформировано ЛУБА.464657.004 Антенная система X-диапазона на основе АФАР АС-АФАР-Х-16Г  (лист: ЛУБА.464657.004 файл: ЛУБА.464657.004.xlsx)

	19.10.2020 15:25:32  Пользователем Egor  сформировано ЛУБА.464657.004 Антенная система X-диапазона на основе АФАР АС-АФАР-Х-16Г  (лист: ЛУБА.464657.004 файл: ЛУБА.464657.004.xlsx)

19.10.2020 15:26:41  Пользователем Egor  закрыто Texcel 1.54.1333

19.10.2020 15:37:07  Пользователем Egor  открыто Texcel 1.54.1333

	19.10.2020 15:37:14  Пользователем Egor  раcформировано ЛУБА.464657.004 Антенная система X-диапазона на основе АФАР АС-АФАР-Х-16Г  (лист: ЛУБА.464657.004 файл: ЛУБА.464657.004.xlsx)

	19.10.2020 15:44:42  Пользователем Egor  сформировано ЛУБА.464657.004 Антенная система X-диапазона на основе АФАР АС-АФАР-Х-16Г  (лист: ЛУБА.464657.004 файл: ЛУБА.464657.004.xlsx)

19.10.2020 15:50:26  Пользователем Egor  закрыто Texcel 1.54.1333

19.10.2020 15:52:54  Пользователем Egor  открыто Texcel 1.54.1333

	19.10.2020 15:53:02  Пользователем Egor  введено в осн. надп. ЛУБА.464657.005 Антенная система X-диапазона на основе АФАР АС-АФАР-Х-16Г  (лист: ЛУБА.464657.005 файл: ЛУБА.464657.005.xlsx)

	19.10.2020 15:53:05  Пользователем Egor  введено в осн. надп. ЛУБА.464657.005 Антенная система X-диапазона на основе АФАР АС-АФАР-Х-16Г  (лист: ЛУБА.464657.005 файл: ЛУБА.464657.005.xlsx)

	19.10.2020 15:53:16  Пользователем Egor  введено в осн. надп. ЛУБА.464657.005 Антенная система X-диапазона на основе АФАР АС-АФАР-Х-16Г  (лист: ЛУБА.464657.005 файл: ЛУБА.464657.005.xlsx)

	19.10.2020 15:53:19  Пользователем Egor  введено в осн. надп. ЛУБА.464657.005 Антенная система X-диапазона на основе АФАР АС-АФАР-Х-16Г  (лист: ЛУБА.464657.005 файл: ЛУБА.464657.005.xlsx)

19.10.2020 15:53:20  Пользователем Egor  закрыто Texcel 1.54.1333

19.10.2020 16:42:55  Пользователем Egor  открыто Texcel 1.54.1333

	19.10.2020 16:43:07  Пользователем Egor  введено в осн. надп. ЛУБА.464657.005 ВЭ Антенная система X-диапазона на основе АФАР АС-АФАР-Х-16Г16В  (лист: ЛУБА.464657.005 ВЭ файл: ЛУБА.464657.005 ВЭ.xlsx)

19.10.2020 16:43:11  Пользователем Egor  закрыто Texcel 1.54.1333

19.10.2020 16:44:51  Пользователем Egor  открыто Texcel 1.54.1333

	19.10.2020 16:45:01  Пользователем Egor  введено в осн. надп. ЛУБА.464657.005 ВЭ Антенная система X-диапазона на основе АФАР АС-АФАР-Х-16Г16В  (лист: ЛУБА.464657.005 ВЭ файл: ЛУБА.464657.005 ВЭ.xlsx)

19.10.2020 16:45:11  Пользователем Egor  закрыто Texcel 1.54.1333

20.10.2020 11:00:56  Пользователем Egor  открыто Texcel 1.54.1333

	20.10.2020 11:02:32  Пользователем Egor  введено в осн. надп. ЛУБА.464657.184 ПЭ4 АФАР Х-диапазона АФАР-Х-16Г  (лист: ЛУБА.464657.184 ПЭ4 файл: ЛУБА.464657.184 ПЭ4.doc.xlsx)

	20.10.2020 11:03:30  Пользователем Egor  раcформировано ЛУБА.464657.184 ПЭ4 АФАР Х-диапазона АФАР-Х-16Г  (лист: ЛУБА.464657.184 ПЭ4 файл: ЛУБА.464657.184 ПЭ4.doc.xlsx)

20.10.2020 11:06:50  Пользователем Egor  закрыто Texcel 1.54.1333

20.10.2020 11:18:36  Пользователем Egor  открыто Texcel 1.54.1333

	20.10.2020 11:19:20  Пользователем Egor  введено в осн. надп. ЛУБА.464657.184 ПЭ4 АФАР Х-диапазона АФАР-Х-16Г  (лист: ЛУБА.464657.184 ПЭ4 файл: ЛУБА.464657.184 ПЭ4.doc.xlsx)

	20.10.2020 11:19:35  Пользователем Egor  раcформировано ЛУБА.464657.184 ПЭ4 АФАР Х-диапазона АФАР-Х-16Г  (лист: ЛУБА.464657.184 ПЭ4 файл: ЛУБА.464657.184 ПЭ4.doc.xlsx)

	20.10.2020 11:24:14  Пользователем Egor  сформировано ЛУБА.464657.184 ПЭ4 АФАР Х-диапазона АФАР-Х-16Г  (лист: ЛУБА.464657.184 ПЭ4 файл: ЛУБА.464657.184 ПЭ4.doc.xlsx)

	20.10.2020 11:25:51  Пользователем Egor  раcформировано ЛУБА.464657.184 ПЭ4 АФАР Х-диапазона АФАР-Х-16Г  (лист: ЛУБА.464657.184 ПЭ4 файл: ЛУБА.464657.184 ПЭ4.doc.xlsx)

	20.10.2020 11:27:49  Пользователем Egor  введено в осн. надп. ЛУБА.464657.184 ПЭ4 АФАР Х-диапазона АФАР-Х-16Г  (лист: ЛУБА.464657.184 ПЭ4 файл: ЛУБА.464657.184 ПЭ4.doc.xlsx)

	20.10.2020 11:27:53  Пользователем Egor  сформировано ЛУБА.464657.184 ПЭ4 АФАР Х-диапазона АФАР-Х-16Г  (лист: ЛУБА.464657.184 ПЭ4 файл: ЛУБА.464657.184 ПЭ4.doc.xlsx)

	20.10.2020 11:28:34  Пользователем Egor  введено в осн. надп. ЛУБА.464657.184 ПЭ4 АФАР Х-диапазона АФАР-Х-16Г  (лист: ЛУБА.464657.184 ПЭ4 файл: ЛУБА.464657.184 ПЭ4.doc.xlsx)

	20.10.2020 11:29:20  Пользователем Egor  введено в осн. надп. ЛУБА.464657.184 ПЭ4 АФАР Х-диапазона АФАР-Х-16Г  (лист: ЛУБА.464657.184 ПЭ4 файл: ЛУБА.464657.184 ПЭ4.doc.xlsx)

	20.10.2020 11:30:26  Пользователем Egor  раcформировано ЛУБА.464657.184 ПЭ4 АФАР Х-диапазона АФАР-Х-16Г  (лист: ЛУБА.464657.184 ПЭ4 файл: ЛУБА.464657.184 ПЭ4.doc.xlsx)

	20.10.2020 11:31:10  Пользователем Egor  сформировано ЛУБА.464657.184 ПЭ4 АФАР Х-диапазона АФАР-Х-16Г  (лист: ЛУБА.464657.184 ПЭ4 файл: ЛУБА.464657.184 ПЭ4.doc.xlsx)

	20.10.2020 11:31:33  Пользователем Egor  раcформировано ЛУБА.464657.184 ПЭ4 АФАР Х-диапазона АФАР-Х-16Г  (лист: ЛУБА.464657.184 ПЭ4 файл: ЛУБА.464657.184 ПЭ4.doc.xlsx)

	20.10.2020 11:33:53  Пользователем Egor  сформировано ЛУБА.464657.184 ПЭ4 АФАР Х-диапазона АФАР-Х-16Г  (лист: ЛУБА.464657.184 ПЭ4 файл: ЛУБА.464657.184 ПЭ4.doc.xlsx)

20.10.2020 11:36:32  Пользователем Egor  закрыто Texcel 1.54.1333

20.10.2020 11:38:35  Пользователем Egor  открыто Texcel 1.54.1333

	20.10.2020 11:38:49  Пользователем Egor  введено в осн. надп. ЛУБА.464657.184 ПЭ4 АФАР Х-диапазона АФАР-Х-16Г  (лист: ЛУБА.464657.184 ПЭ4 файл: ЛУБА.464657.184 ПЭ4.doc.xlsx)

20.10.2020 11:38:53  Пользователем Egor  закрыто Texcel 1.54.1333

20.10.2020 11:40:15  Пользователем Egor  открыто Texcel 1.54.1333

	20.10.2020 11:40:33  Пользователем Egor  введено в осн. надп. ЛУБА.464657.185 ПЭ4 Антенная система Х-диапазона на основе АФАР  (лист: ЛУБА.464657.185 ПЭ4 файл: ЛУБА.464657.185 ПЭ4.doc.xlsx)

20.10.2020 11:40:34  Пользователем Egor  закрыто Texcel 1.54.1333

20.10.2020 11:41:21  Пользователем Egor  открыто Texcel 1.54.1333

	20.10.2020 11:41:26  Пользователем Egor  раcформировано ЛУБА.464657.185 ПЭ4 Антенная система Х-диапазона на основе АФАР  (лист: ЛУБА.464657.185 ПЭ4 файл: ЛУБА.464657.185 ПЭ4.doc.xlsx)

	20.10.2020 11:54:52  Пользователем Egor  сформировано ЛУБА.464657.185 ПЭ4 Антенная система Х-диапазона на основе АФАР  (лист: ЛУБА.464657.185 ПЭ4 файл: ЛУБА.464657.185 ПЭ4.doc.xlsx)

	20.10.2020 11:55:43  Пользователем Egor  раcформировано ЛУБА.464657.185 ПЭ4 Антенная система Х-диапазона на основе АФАР  (лист: ЛУБА.464657.185 ПЭ4 файл: ЛУБА.464657.185 ПЭ4.doc.xlsx)

	20.10.2020 11:56:12  Пользователем Egor  сформировано ЛУБА.464657.185 ПЭ4 Антенная система Х-диапазона на основе АФАР  (лист: ЛУБА.464657.185 ПЭ4 файл: ЛУБА.464657.185 ПЭ4.doc.xlsx)

20.10.2020 11:59:50  Пользователем Egor  закрыто Texcel 1.54.1333

21.10.2020 10:26:56  Пользователем Egor  открыто Texcel 1.54.1333

	21.10.2020 10:27:45  Пользователем Egor  введено в осн. надп. ЛУБА.457843.001 Д10-УД  (лист: ЛУБА.457843.001 Д10-УД файл: Лист Microsoft Excel.xlsx)

	21.10.2020 10:28:23  Пользователем Egor  введено в осн. надп. УД  (лист: УД  файл: Лист Microsoft Excel.xlsx)

	21.10.2020 10:28:34  Пользователем Egor  введено в осн. надп. ВП  (лист: ВП файл: Лист Microsoft Excel.xlsx)

	21.10.2020 10:28:54  Пользователем Egor  введено в осн. надп. ЛУБА.468945.003 УД  (лист: ЛУБА.468945.003 УД файл: Лист Microsoft Excel.xlsx)

	21.10.2020 10:29:08  Пользователем Egor  введено в осн. надп. ЛУБА.468945.003 УД  (лист: ЛУБА.468945.003 УД файл: Лист Microsoft Excel.xlsx)

	21.10.2020 10:29:19  Пользователем Egor  сформировано ЛУБА.468945.003 УД  (лист: ЛУБА.468945.003 УД файл: Лист Microsoft Excel.xlsx)

	21.10.2020 10:29:31  Пользователем Egor  раcформировано ЛУБА.468945.003 УД  (лист: ЛУБА.468945.003 УД файл: Лист Microsoft Excel.xlsx)

	21.10.2020 10:29:35  Пользователем Egor  сформировано ЛУБА.468945.003 УД  (лист: ЛУБА.468945.003 УД файл: Лист Microsoft Excel.xlsx)

21.10.2020 10:30:56  Пользователем Egor  открыто Texcel 1.54.1333

	21.10.2020 10:31:11  Пользователем Egor  введено в осн. надп. ЛУБА.468945.003 УД Microsoft Excel  (лист: ЛУБА.468945.003 УД файл: Лист Microsoft Excel.xlsx)

	21.10.2020 10:31:37  Пользователем Egor  введено в осн. надп. ЛУБА.468945.003 ВП Microsoft Excel  (лист: ЛУБА.468945.003 ВП файл: Лист Microsoft Excel.xlsx)

	21.10.2020 10:31:39  Пользователем Egor  введено в осн. надп. ЛУБА.468945.003 ВП Microsoft Excel  (лист: ЛУБА.468945.003 ВП файл: Лист Microsoft Excel.xlsx)

	21.10.2020 10:31:43  Пользователем Egor  раcформировано ЛУБА.468945.003 ВП Microsoft Excel  (лист: ЛУБА.468945.003 ВП файл: Лист Microsoft Excel.xlsx)

	21.10.2020 10:31:53  Пользователем Egor  сформировано ЛУБА.468945.003 ВП Microsoft Excel  (лист: ЛУБА.468945.003 ВП файл: Лист Microsoft Excel.xlsx)

21.10.2020 10:32:20  Пользователем Egor  открыто Texcel 1.54.1333

	21.10.2020 10:33:39  Пользователем Egor  введено в осн. надп. ЛУБА.567812.001 ВП  (лист: ЛУБА.567812.001 ВП файл: Лист Microsoft Excel.xlsx)

	21.10.2020 10:33:44  Пользователем Egor  сформировано ЛУБА.567812.001 ВП  (лист: ЛУБА.567812.001 ВП файл: Лист Microsoft Excel.xlsx)

	21.10.2020 10:34:19  Пользователем Egor  введено в осн. надп. ЛУБА.567812.001 ВЭ  (лист: ЛУБА.567812.001 ВЭ файл: Лист Microsoft Excel.xlsx)

	21.10.2020 10:34:27  Пользователем Egor  раcформировано ЛУБА.567812.001 ВЭ  (лист: ЛУБА.567812.001 ВЭ файл: Лист Microsoft Excel.xlsx)

	21.10.2020 10:34:37  Пользователем Egor  введено в осн. надп. ЛУБА.567812.001 ВЭ  (лист: ЛУБА.567812.001 ВЭ файл: Лист Microsoft Excel.xlsx)

	21.10.2020 10:34:38  Пользователем Egor  введено в осн. надп. ЛУБА.567812.001 ВЭ  (лист: ЛУБА.567812.001 ВЭ файл: Лист Microsoft Excel.xlsx)

	21.10.2020 10:34:39  Пользователем Egor  введено в осн. надп. ЛУБА.567812.001 ВЭ  (лист: ЛУБА.567812.001 ВЭ файл: Лист Microsoft Excel.xlsx)

	21.10.2020 10:34:40  Пользователем Egor  введено в осн. надп. ЛУБА.567812.001 ВЭ  (лист: ЛУБА.567812.001 ВЭ файл: Лист Microsoft Excel.xlsx)

	21.10.2020 10:34:41  Пользователем Egor  введено в осн. надп. ЛУБА.567812.001 ВЭ  (лист: ЛУБА.567812.001 ВЭ файл: Лист Microsoft Excel.xlsx)

	21.10.2020 10:34:42  Пользователем Egor  введено в осн. надп. ЛУБА.567812.001 ВЭ  (лист: ЛУБА.567812.001 ВЭ файл: Лист Microsoft Excel.xlsx)

	21.10.2020 10:38:01  Пользователем Egor  введено в осн. надп.   (лист:  файл: Лист Microsoft Excel.xlsx)

21.10.2020 10:38:11  Пользователем Egor  закрыто Texcel 1.54.1333

22.10.2020 11:07:25  Пользователем Egor  открыто Texcel 1.54.1333

	22.10.2020 11:07:30  Пользователем Egor  раcформировано ЛУБА.464657.184 ПЭ4 АФАР Х-диапазона АФАР-Х-16Г  (лист: ЛУБА.464657.184 ПЭ4 файл: ЛУБА.464657.184 ПЭ4.doc.xlsx)

	22.10.2020 11:14:05  Пользователем Egor  сформировано ЛУБА.464657.184 ПЭ4 АФАР Х-диапазона АФАР-Х-16Г  (лист: ЛУБА.464657.184 ПЭ4 файл: ЛУБА.464657.184 ПЭ4.doc.xlsx)

22.10.2020 11:19:21  Пользователем Egor  закрыто Texcel 1.54.1333

22.10.2020 11:19:42  Пользователем Egor  открыто Texcel 1.54.1333

	22.10.2020 11:19:47  Пользователем Egor  раcформировано ЛУБА.464657.185 ПЭ4 Антенная система Х-диапазона на основе АФАР  (лист: ЛУБА.464657.185 ПЭ4 файл: ЛУБА.464657.185 ПЭ4.doc.xlsx)

22.10.2020 11:22:24  Пользователем Egor  закрыто Texcel 1.54.1333

22.10.2020 11:22:50  Пользователем Egor  открыто Texcel 1.54.1333

	22.10.2020 11:22:59  Пользователем Egor  раcформировано ЛУБА.464657.185 ПЭ4 Антенная система Х-диапазона на основе АФАР  (лист: ЛУБА.464657.185 ПЭ4 файл: ЛУБА.464657.185 ПЭ4.doc.xlsx)

	22.10.2020 11:25:08  Пользователем Egor  сформировано ЛУБА.464657.185 ПЭ4 Антенная система Х-диапазона на основе АФАР  (лист: ЛУБА.464657.185 ПЭ4 файл: ЛУБА.464657.185 ПЭ4.doc.xlsx)

22.10.2020 11:27:02  Пользователем Egor  закрыто Texcel 1.54.1333

22.10.2020 11:31:47  Пользователем Egor  открыто Texcel 1.54.1333

22.10.2020 11:42:51  Пользователем Egor  закрыто Texcel 1.54.1333

09.12.2020 10:58:21  Пользователем Egor  открыто Texcel 1.54.1333

09.12.2020 10:58:46  Пользователем Egor  закрыто Texcel 1.54.1333

